\BOOKMARK [1][-]{section.1}{FreeRTOS调研}{}% 1
\BOOKMARK [2][-]{subsection.1.1}{FreeRTOS v10.2.0 task.c 中任务创建API}{section.1}% 2
\BOOKMARK [3][-]{subsubsection.1.1.1}{xTaskCreate}{subsection.1.1}% 3
\BOOKMARK [3][-]{subsubsection.1.1.2}{xTaskCreateStatic}{subsection.1.1}% 4
\BOOKMARK [3][-]{subsubsection.1.1.3}{xTaskCreateRestricted}{subsection.1.1}% 5
\BOOKMARK [3][-]{subsubsection.1.1.4}{xTaskCreateRestrictedStatic}{subsection.1.1}% 6
\BOOKMARK [3][-]{subsubsection.1.1.5}{vTaskAllocateMPURegions}{subsection.1.1}% 7
\BOOKMARK [3][-]{subsubsection.1.1.6}{vTaskDelete}{subsection.1.1}% 8
\BOOKMARK [2][-]{subsection.1.2}{FreeRTOS v10.2.0 task.c 中任务控制API}{section.1}% 9
\BOOKMARK [3][-]{subsubsection.1.2.1}{vTaskDelay}{subsection.1.2}% 10
\BOOKMARK [3][-]{subsubsection.1.2.2}{vTaskDelayUntil}{subsection.1.2}% 11
\BOOKMARK [3][-]{subsubsection.1.2.3}{xTaskAbortDelay}{subsection.1.2}% 12
\BOOKMARK [3][-]{subsubsection.1.2.4}{uxTaskPriorityGet}{subsection.1.2}% 13
\BOOKMARK [3][-]{subsubsection.1.2.5}{eTaskGetState}{subsection.1.2}% 14
\BOOKMARK [3][-]{subsubsection.1.2.6}{vTaskGetInfo}{subsection.1.2}% 15
\BOOKMARK [3][-]{subsubsection.1.2.7}{vTaskPrioritySet}{subsection.1.2}% 16
\BOOKMARK [3][-]{subsubsection.1.2.8}{vTaskSuspend}{subsection.1.2}% 17
\BOOKMARK [3][-]{subsubsection.1.2.9}{vTaskResume}{subsection.1.2}% 18
\BOOKMARK [2][-]{subsection.1.3}{FreeRTOS v10.2.0 task.c 中程序调度API}{section.1}% 19
\BOOKMARK [3][-]{subsubsection.1.3.1}{vTaskStartScheduler}{subsection.1.3}% 20
\BOOKMARK [3][-]{subsubsection.1.3.2}{vTaskEndScheduler}{subsection.1.3}% 21
\BOOKMARK [3][-]{subsubsection.1.3.3}{vTaskSuspendAll}{subsection.1.3}% 22
\BOOKMARK [3][-]{subsubsection.1.3.4}{xTaskResumeAll}{subsection.1.3}% 23
\BOOKMARK [3][-]{subsubsection.1.3.5}{xTaskGetTickCount}{subsection.1.3}% 24
\BOOKMARK [3][-]{subsubsection.1.3.6}{uxTaskGetNumberOfTasks}{subsection.1.3}% 25
\BOOKMARK [3][-]{subsubsection.1.3.7}{pcTaskGetName}{subsection.1.3}% 26
\BOOKMARK [3][-]{subsubsection.1.3.8}{xTaskGetHandle}{subsection.1.3}% 27
\BOOKMARK [3][-]{subsubsection.1.3.9}{uxTaskGetStackHighWaterMark}{subsection.1.3}% 28
\BOOKMARK [3][-]{subsubsection.1.3.10}{xTaskCallApplicationTaskHook}{subsection.1.3}% 29
\BOOKMARK [3][-]{subsubsection.1.3.11}{xTaskGetIdleTaskHandle}{subsection.1.3}% 30
\BOOKMARK [3][-]{subsubsection.1.3.12}{xTaskGetIdleRunTimeCounter}{subsection.1.3}% 31
\BOOKMARK [3][-]{subsubsection.1.3.13}{xTaskNotify}{subsection.1.3}% 32
\BOOKMARK [3][-]{subsubsection.1.3.14}{xTaskNotifyWait}{subsection.1.3}% 33
\BOOKMARK [2][-]{subsection.1.4}{queue.c文件中的重要函数}{section.1}% 34
\BOOKMARK [3][-]{subsubsection.1.4.1}{xQueueCreate}{subsection.1.4}% 35
\BOOKMARK [3][-]{subsubsection.1.4.2}{xQueueCreateStatic}{subsection.1.4}% 36
\BOOKMARK [3][-]{subsubsection.1.4.3}{xQueueSendToToFront}{subsection.1.4}% 37
\BOOKMARK [3][-]{subsubsection.1.4.4}{xQueueSendToBack}{subsection.1.4}% 38
\BOOKMARK [3][-]{subsubsection.1.4.5}{xQueueSend}{subsection.1.4}% 39
\BOOKMARK [3][-]{subsubsection.1.4.6}{xQueueOverwrite}{subsection.1.4}% 40
\BOOKMARK [3][-]{subsubsection.1.4.7}{xQueueGenericSend}{subsection.1.4}% 41
\BOOKMARK [3][-]{subsubsection.1.4.8}{xQueuePeek}{subsection.1.4}% 42
\BOOKMARK [3][-]{subsubsection.1.4.9}{xQueueReceive}{subsection.1.4}% 43
\BOOKMARK [3][-]{subsubsection.1.4.10}{uxQueueMessagesWaiting}{subsection.1.4}% 44
\BOOKMARK [3][-]{subsubsection.1.4.11}{uxQueueSpacesAvailable}{subsection.1.4}% 45
\BOOKMARK [3][-]{subsubsection.1.4.12}{vQueueDelete}{subsection.1.4}% 46
\BOOKMARK [2][-]{subsection.1.5}{list.c 中的主要函数}{section.1}% 47
\BOOKMARK [3][-]{subsubsection.1.5.1}{vListInitialise}{subsection.1.5}% 48
\BOOKMARK [3][-]{subsubsection.1.5.2}{vListInitialiseItem}{subsection.1.5}% 49
\BOOKMARK [3][-]{subsubsection.1.5.3}{vListInsert}{subsection.1.5}% 50
\BOOKMARK [3][-]{subsubsection.1.5.4}{vListInsertEnd}{subsection.1.5}% 51
\BOOKMARK [3][-]{subsubsection.1.5.5}{uxListRemove}{subsection.1.5}% 52
