\BOOKMARK [1][-]{section.1}{项目背景}{}% 1
\BOOKMARK [1][-]{section.2}{立项依据}{}% 2
\BOOKMARK [2][-]{subsubsection.2.0.1}{嵌入式系统特点}{section.2}% 3
\BOOKMARK [3][-]{subsubsection.2.0.2}{嵌入式系统的发展趋势}{subsubsection.2.0.1}% 4
\BOOKMARK [3][-]{subsubsection.2.0.3}{嵌入式系统的脆弱性}{subsubsection.2.0.1}% 5
\BOOKMARK [3][-]{subsubsection.2.0.4}{嵌入式系统面临的\(软件\)安全问题}{subsubsection.2.0.1}% 6
\BOOKMARK [2][-]{subsection.2.1}{C语言安全性问题与Rust的可靠性}{section.2}% 7
\BOOKMARK [2][-]{subsection.2.2}{Rust并发模型}{section.2}% 8
\BOOKMARK [2][-]{subsection.2.3}{RTOS现今的需求}{section.2}% 9
\BOOKMARK [3][-]{subsubsection.2.3.1}{资源管理需求}{subsection.2.3}% 10
\BOOKMARK [3][-]{subsubsection.2.3.2}{安全性需求}{subsection.2.3}% 11
\BOOKMARK [1][-]{section.3}{前瞻性报告}{}% 12
\BOOKMARK [2][-]{subsection.3.1}{Rust的高效性}{section.3}% 13
\BOOKMARK [2][-]{subsection.3.2}{越来越多的用户体会到Rust语言的高效性}{section.3}% 14
\BOOKMARK [2][-]{subsection.3.3}{Rust使用规模增大}{section.3}% 15
\BOOKMARK [2][-]{subsection.3.4}{使用Rust的目标平台趋于多样化}{section.3}% 16
\BOOKMARK [1][-]{section.4}{相关工作}{}% 17
\BOOKMARK [2][-]{subsection.4.1}{嵌入式操作系统}{section.4}% 18
\BOOKMARK [3][-]{subsubsection.4.1.1}{嵌入式系统简述}{subsection.4.1}% 19
\BOOKMARK [3][-]{subsubsection.4.1.2}{嵌入式系统安全对策}{subsection.4.1}% 20
\BOOKMARK [2][-]{subsection.4.2}{用Rust编写嵌入式操作系统的优势}{section.4}% 21
\BOOKMARK [2][-]{subsection.4.3}{学术界相关工作调研}{section.4}% 22
\BOOKMARK [2][-]{subsection.4.4}{工业界相关工作调研}{section.4}% 23
\BOOKMARK [3][-]{subsubsection.4.4.1}{Rust in Optimization——npm堆栈管理}{subsection.4.4}% 24
\BOOKMARK [3][-]{subsubsection.4.4.2}{Rust in Analysis——Skylight代理的优化}{subsection.4.4}% 25
\BOOKMARK [3][-]{subsubsection.4.4.3}{Rust in Entertainment——大型游戏安全流畅的并发性}{subsection.4.4}% 26
\BOOKMARK [3][-]{subsubsection.4.4.4}{目前已使用Rust开发的项目}{subsection.4.4}% 27
\BOOKMARK [1][-]{section.5}{Rust调研}{}% 28
\BOOKMARK [2][-]{subsection.5.1}{人们对Rust语言的兴趣与日俱增}{section.5}% 29
\BOOKMARK [3][-]{subsubsection.5.1.1}{Rust目前的挑战}{subsection.5.1}% 30
\BOOKMARK [3][-]{subsubsection.5.1.2}{Rust用于嵌入式设备开发的优势}{subsection.5.1}% 31
\BOOKMARK [1][-]{section.6}{参考文献}{}% 32
